<?xml version="1.0" encoding="UTF-8"?>
<testsuite name="gh.marad.chi.core.modules.ImportSpec" tests="6" skipped="0" failures="0" errors="0" timestamp="2023-11-16T06:14:54" hostname="POLPC11643" time="0.001">
  <properties/>
  <testcase name="using simplified name for names defined in current module" classname="gh.marad.chi.core.modules.ImportSpec" time="0.0"/>
  <testcase name="importing function from package" classname="gh.marad.chi.core.modules.ImportSpec" time="0.0"/>
  <testcase name="import function with alias" classname="gh.marad.chi.core.modules.ImportSpec" time="0.0"/>
  <testcase name="whole package alias" classname="gh.marad.chi.core.modules.ImportSpec" time="0.0"/>
  <testcase name="import package and functions and alias everything" classname="gh.marad.chi.core.modules.ImportSpec" time="0.0"/>
  <testcase name="should not allow empty package alias name" classname="gh.marad.chi.core.modules.ImportSpec" time="0.0"/>
  <system-out><![CDATA[]]></system-out>
  <system-err><![CDATA[import module/pkg as 
                     ^ Syntax error at 1:21.Error: missing ID at '<EOF>'
]]></system-err>
</testsuite>
