<?xml version="1.0" encoding="UTF-8"?>
<testsuite name="gh.marad.chi.core.parser.readers.FieldOperatorReaderTest" tests="6" skipped="0" failures="0" errors="0" timestamp="2023-11-16T06:14:54" hostname="POLPC11643" time="0.014">
  <properties/>
  <testcase name="read nested field assignment()" classname="gh.marad.chi.core.parser.readers.FieldOperatorReaderTest" time="0.003"/>
  <testcase name="read method invocation()" classname="gh.marad.chi.core.parser.readers.FieldOperatorReaderTest" time="0.001"/>
  <testcase name="should read method arguments()" classname="gh.marad.chi.core.parser.readers.FieldOperatorReaderTest" time="0.004"/>
  <testcase name="should read method type parameters()" classname="gh.marad.chi.core.parser.readers.FieldOperatorReaderTest" time="0.002"/>
  <testcase name="read field assignment()" classname="gh.marad.chi.core.parser.readers.FieldOperatorReaderTest" time="0.001"/>
  <testcase name="read simple field access()" classname="gh.marad.chi.core.parser.readers.FieldOperatorReaderTest" time="0.001"/>
  <system-out><![CDATA[]]></system-out>
  <system-err><![CDATA[]]></system-err>
</testsuite>
