<?xml version="1.0" encoding="UTF-8"?>
<testsuite name="gh.marad.chi.core.analyzer.AssignmentTypeCheckingSpec" tests="2" skipped="0" failures="0" errors="0" timestamp="2023-11-16T06:14:54" hostname="POLPC11643" time="0.0">
  <properties/>
  <testcase name="should check that type of the variable matches type of the expression" classname="gh.marad.chi.core.analyzer.AssignmentTypeCheckingSpec" time="0.0"/>
  <testcase name="should prohibit changing immutable values" classname="gh.marad.chi.core.analyzer.AssignmentTypeCheckingSpec" time="0.0"/>
  <system-out><![CDATA[]]></system-out>
  <system-err><![CDATA[]]></system-err>
</testsuite>
