<?xml version="1.0" encoding="UTF-8"?>
<testsuite name="gh.marad.chi.core.analyzer.IsExprSpec" tests="4" skipped="0" failures="0" errors="0" timestamp="2023-11-16T06:14:54" hostname="POLPC11643" time="0.0">
  <properties/>
  <testcase name="is expr should cooperate with if providing a scope" classname="gh.marad.chi.core.analyzer.IsExprSpec" time="0.0"/>
  <testcase name="is expr should fill variant within `when` branches" classname="gh.marad.chi.core.analyzer.IsExprSpec" time="0.0"/>
  <testcase name="should also work with imported types" classname="gh.marad.chi.core.analyzer.IsExprSpec" time="0.0"/>
  <testcase name="should not allow importing variables and functions that are not public" classname="gh.marad.chi.core.analyzer.IsExprSpec" time="0.0"/>
  <system-out><![CDATA[]]></system-out>
  <system-err><![CDATA[]]></system-err>
</testsuite>
