<?xml version="1.0" encoding="UTF-8"?>
<testsuite name="gh.marad.chi.core.types.AnyTypeSpec" tests="3" skipped="0" failures="0" errors="0" timestamp="2023-11-16T06:14:54" hostname="POLPC11643" time="0.0">
  <properties/>
  <testcase name="should read 'any' type" classname="gh.marad.chi.core.types.AnyTypeSpec" time="0.0"/>
  <testcase name="'any' type should be matched by any other type" classname="gh.marad.chi.core.types.AnyTypeSpec" time="0.0"/>
  <testcase name="foo" classname="gh.marad.chi.core.types.AnyTypeSpec" time="0.0"/>
  <system-out><![CDATA[]]></system-out>
  <system-err><![CDATA[]]></system-err>
</testsuite>
