<?xml version="1.0" encoding="UTF-8"?>
<testsuite name="gh.marad.chi.core.parser.readers.WeaveReaderTest" tests="2" skipped="0" failures="0" errors="0" timestamp="2023-11-16T06:14:54" hostname="POLPC11643" time="0.004">
  <properties/>
  <testcase name="parse weave expression()" classname="gh.marad.chi.core.parser.readers.WeaveReaderTest" time="0.002"/>
  <testcase name="parse weave expression chain()" classname="gh.marad.chi.core.parser.readers.WeaveReaderTest" time="0.001"/>
  <system-out><![CDATA[]]></system-out>
  <system-err><![CDATA[]]></system-err>
</testsuite>
