<?xml version="1.0" encoding="UTF-8"?>
<testsuite name="gh.marad.chi.core.expressionast.internal.SimpleConversionsKtImportDefinitionTest" tests="8" skipped="0" failures="0" errors="0" timestamp="2023-11-16T06:14:54" hostname="POLPC11643" time="0.008">
  <properties/>
  <testcase name="package alias is optional()" classname="gh.marad.chi.core.expressionast.internal.SimpleConversionsKtImportDefinitionTest" time="0.0"/>
  <testcase name="should convert entries()" classname="gh.marad.chi.core.expressionast.internal.SimpleConversionsKtImportDefinitionTest" time="0.001"/>
  <testcase name="should convert module and package name()" classname="gh.marad.chi.core.expressionast.internal.SimpleConversionsKtImportDefinitionTest" time="0.001"/>
  <testcase name="determine if import is from different module()" classname="gh.marad.chi.core.expressionast.internal.SimpleConversionsKtImportDefinitionTest" time="0.001"/>
  <testcase name="determine if import is from the same module()" classname="gh.marad.chi.core.expressionast.internal.SimpleConversionsKtImportDefinitionTest" time="0.001"/>
  <testcase name="should read package alias()" classname="gh.marad.chi.core.expressionast.internal.SimpleConversionsKtImportDefinitionTest" time="0.0"/>
  <testcase name="should determine if imported symbol is a type()" classname="gh.marad.chi.core.expressionast.internal.SimpleConversionsKtImportDefinitionTest" time="0.001"/>
  <testcase name="should determine if symbol is public()" classname="gh.marad.chi.core.expressionast.internal.SimpleConversionsKtImportDefinitionTest" time="0.0"/>
  <system-out><![CDATA[]]></system-out>
  <system-err><![CDATA[]]></system-err>
</testsuite>
