<?xml version="1.0" encoding="UTF-8"?>
<testsuite name="gh.marad.chi.core.parser.readers.EffectReaderTest" tests="5" skipped="0" failures="0" errors="0" timestamp="2023-11-16T06:14:54" hostname="POLPC11643" time="0.009">
  <properties/>
  <testcase name="allow defining effects without specifying return type (default to unit)()" classname="gh.marad.chi.core.parser.readers.EffectReaderTest" time="0.003"/>
  <testcase name="reading effect definition()" classname="gh.marad.chi.core.parser.readers.EffectReaderTest" time="0.002"/>
  <testcase name="reading effect handler()" classname="gh.marad.chi.core.parser.readers.EffectReaderTest" time="0.003"/>
  <testcase name="should read public effects()" classname="gh.marad.chi.core.parser.readers.EffectReaderTest" time="0.001"/>
  <testcase name="should read internal effects()" classname="gh.marad.chi.core.parser.readers.EffectReaderTest" time="0.0"/>
  <system-out><![CDATA[]]></system-out>
  <system-err><![CDATA[]]></system-err>
</testsuite>
