<?xml version="1.0" encoding="UTF-8"?>
<testsuite name="gh.marad.chi.core.FunctionOverloadingSpec" tests="4" skipped="0" failures="0" errors="0" timestamp="2023-11-16T06:14:53" hostname="POLPC11643" time="0.001">
  <properties/>
  <testcase name="should choose function type with correct parameter types" classname="gh.marad.chi.core.FunctionOverloadingSpec" time="0.001"/>
  <testcase name="should match parameter count and order" classname="gh.marad.chi.core.FunctionOverloadingSpec" time="0.0"/>
  <testcase name="should prefer more concrete types over any" classname="gh.marad.chi.core.FunctionOverloadingSpec" time="0.0"/>
  <testcase name="should not find type if decision is not certain" classname="gh.marad.chi.core.FunctionOverloadingSpec" time="0.0"/>
  <system-out><![CDATA[]]></system-out>
  <system-err><![CDATA[]]></system-err>
</testsuite>
