<?xml version="1.0" encoding="UTF-8"?>
<testsuite name="gh.marad.chi.core.namespace.TypeResolverTest" tests="6" skipped="0" failures="0" errors="0" timestamp="2023-11-16T06:14:54" hostname="POLPC11643" time="0.01">
  <properties/>
  <testcase name="should resolve type ref by name()" classname="gh.marad.chi.core.namespace.TypeResolverTest" time="0.001"/>
  <testcase name="should resolve variant type by variant name ref()" classname="gh.marad.chi.core.namespace.TypeResolverTest" time="0.004"/>
  <testcase name="should resolve type constructor ref()" classname="gh.marad.chi.core.namespace.TypeResolverTest" time="0.001"/>
  <testcase name="should resolve function type ref()" classname="gh.marad.chi.core.namespace.TypeResolverTest" time="0.001"/>
  <testcase name="should respect type parameters from context()" classname="gh.marad.chi.core.namespace.TypeResolverTest" time="0.001"/>
  <testcase name="should resolve type parameter by name()" classname="gh.marad.chi.core.namespace.TypeResolverTest" time="0.0"/>
  <system-out><![CDATA[]]></system-out>
  <system-err><![CDATA[]]></system-err>
</testsuite>
