<?xml version="1.0" encoding="UTF-8"?>
<testsuite name="gh.marad.chi.core.analyzer.SymbolCheckingSpec" tests="6" skipped="0" failures="0" errors="0" timestamp="2023-11-16T06:14:54" hostname="POLPC11643" time="0.001">
  <properties/>
  <testcase name="should check that variable in VariableAccess is defined in scope" classname="gh.marad.chi.core.analyzer.SymbolCheckingSpec" time="0.0"/>
  <testcase name="should not emit error message if the variable is defined in scope" classname="gh.marad.chi.core.analyzer.SymbolCheckingSpec" time="0.0"/>
  <testcase name="should check that function in FnCall is defined in scope" classname="gh.marad.chi.core.analyzer.SymbolCheckingSpec" time="0.0"/>
  <testcase name="should not emit error message if function is defined in scope" classname="gh.marad.chi.core.analyzer.SymbolCheckingSpec" time="0.0"/>
  <testcase name="should not allow using non-public variant constructors from other module" classname="gh.marad.chi.core.analyzer.SymbolCheckingSpec" time="0.0"/>
  <testcase name="should not allow using non-public fields in type from other module" classname="gh.marad.chi.core.analyzer.SymbolCheckingSpec" time="0.0"/>
  <system-out><![CDATA[]]></system-out>
  <system-err><![CDATA[]]></system-err>
</testsuite>
