<?xml version="1.0" encoding="UTF-8"?>
<testsuite name="gh.marad.chi.core.expressionast.internal.FunctionConversionsKtFuncWithNameTest" tests="6" skipped="0" failures="0" errors="0" timestamp="2023-11-16T06:14:54" hostname="POLPC11643" time="0.009">
  <properties/>
  <testcase name="type parameters should be resolved in arguments()" classname="gh.marad.chi.core.expressionast.internal.FunctionConversionsKtFuncWithNameTest" time="0.001"/>
  <testcase name="type parameters should be resolved in body()" classname="gh.marad.chi.core.expressionast.internal.FunctionConversionsKtFuncWithNameTest" time="0.001"/>
  <testcase name="when return type is not provided it is set to unit()" classname="gh.marad.chi.core.expressionast.internal.FunctionConversionsKtFuncWithNameTest" time="0.001"/>
  <testcase name="type parameters should be resolved in return type()" classname="gh.marad.chi.core.expressionast.internal.FunctionConversionsKtFuncWithNameTest" time="0.001"/>
  <testcase name="named function should be converted to name declaration()" classname="gh.marad.chi.core.expressionast.internal.FunctionConversionsKtFuncWithNameTest" time="0.001"/>
  <testcase name="should define arguments in function scope()" classname="gh.marad.chi.core.expressionast.internal.FunctionConversionsKtFuncWithNameTest" time="0.002"/>
  <system-out><![CDATA[]]></system-out>
  <system-err><![CDATA[]]></system-err>
</testsuite>
