<?xml version="1.0" encoding="UTF-8"?>
<testsuite name="gh.marad.chi.core.expressionast.internal.SimpleConversionsKtParseIsTest" tests="2" skipped="0" failures="0" errors="0" timestamp="2023-11-16T06:14:54" hostname="POLPC11643" time="0.002">
  <properties/>
  <testcase name="should add variant type info in scope of then branch while reading 'if' expression()" classname="gh.marad.chi.core.expressionast.internal.SimpleConversionsKtParseIsTest" time="0.001"/>
  <testcase name="convert simple 'is'()" classname="gh.marad.chi.core.expressionast.internal.SimpleConversionsKtParseIsTest" time="0.0"/>
  <system-out><![CDATA[]]></system-out>
  <system-err><![CDATA[]]></system-err>
</testsuite>
