<?xml version="1.0" encoding="UTF-8"?>
<testsuite name="gh.marad.chi.core.ObjectsSpec" tests="2" skipped="0" failures="0" errors="0" timestamp="2023-11-16T06:14:54" hostname="POLPC11643" time="0.0">
  <properties/>
  <testcase name="should find that member doesn't exist" classname="gh.marad.chi.core.ObjectsSpec" time="0.0"/>
  <testcase name="check types for variant constructor invocation" classname="gh.marad.chi.core.ObjectsSpec" time="0.0"/>
  <system-out><![CDATA[]]></system-out>
  <system-err><![CDATA[]]></system-err>
</testsuite>
