<?xml version="1.0" encoding="UTF-8"?>
<testsuite name="gh.marad.chi.core.expressionast.internal.EffectConversionsKtDefinitionTest" tests="3" skipped="0" failures="0" errors="0" timestamp="2023-11-16T06:14:54" hostname="POLPC11643" time="0.017">
  <properties/>
  <testcase name="type prameters should be resolved in return type()" classname="gh.marad.chi.core.expressionast.internal.EffectConversionsKtDefinitionTest" time="0.014"/>
  <testcase name="type parameters should be resolved in arguments()" classname="gh.marad.chi.core.expressionast.internal.EffectConversionsKtDefinitionTest" time="0.001"/>
  <testcase name="should be defined in current package()" classname="gh.marad.chi.core.expressionast.internal.EffectConversionsKtDefinitionTest" time="0.0"/>
  <system-out><![CDATA[]]></system-out>
  <system-err><![CDATA[]]></system-err>
</testsuite>
