<?xml version="1.0" encoding="UTF-8"?>
<testsuite name="gh.marad.chi.core.expressionast.internal.VariablesConversionsKtNameDeclarationTest" tests="1" skipped="0" failures="0" errors="0" timestamp="2023-11-16T06:14:54" hostname="POLPC11643" time="0.0">
  <properties/>
  <testcase name="generate name declaration()" classname="gh.marad.chi.core.expressionast.internal.VariablesConversionsKtNameDeclarationTest" time="0.0"/>
  <system-out><![CDATA[]]></system-out>
  <system-err><![CDATA[]]></system-err>
</testsuite>
