<?xml version="1.0" encoding="UTF-8"?>
<testsuite name="gh.marad.chi.core.parser.readers.VariantTypeDefinitionReaderTest" tests="6" skipped="0" failures="0" errors="0" timestamp="2023-11-16T06:14:54" hostname="POLPC11643" time="0.012">
  <properties/>
  <testcase name="should read constructor visibility in simplified definition()" classname="gh.marad.chi.core.parser.readers.VariantTypeDefinitionReaderTest" time="0.001"/>
  <testcase name="should be able to spread constructor definition on multiple lines()" classname="gh.marad.chi.core.parser.readers.VariantTypeDefinitionReaderTest" time="0.001"/>
  <testcase name="should read public and internal constructors()" classname="gh.marad.chi.core.parser.readers.VariantTypeDefinitionReaderTest" time="0.001"/>
  <testcase name="reading public and non-public fields()" classname="gh.marad.chi.core.parser.readers.VariantTypeDefinitionReaderTest" time="0.002"/>
  <testcase name="parse simplified variant type definition()" classname="gh.marad.chi.core.parser.readers.VariantTypeDefinitionReaderTest" time="0.002"/>
  <testcase name="parse variant type definition()" classname="gh.marad.chi.core.parser.readers.VariantTypeDefinitionReaderTest" time="0.002"/>
  <system-out><![CDATA[]]></system-out>
  <system-err><![CDATA[]]></system-err>
</testsuite>
