<?xml version="1.0" encoding="UTF-8"?>
<testsuite name="gh.marad.chi.core.parser.readers.NameDeclarationReaderTest" tests="4" skipped="0" failures="0" errors="0" timestamp="2023-11-16T06:14:54" hostname="POLPC11643" time="0.003">
  <properties/>
  <testcase name="parse name declaration without type()" classname="gh.marad.chi.core.parser.readers.NameDeclarationReaderTest" time="0.001"/>
  <testcase name="parse internal name declaration()" classname="gh.marad.chi.core.parser.readers.NameDeclarationReaderTest" time="0.001"/>
  <testcase name="parse public name declaration()" classname="gh.marad.chi.core.parser.readers.NameDeclarationReaderTest" time="0.001"/>
  <testcase name="parse simple type name reference()" classname="gh.marad.chi.core.parser.readers.NameDeclarationReaderTest" time="0.0"/>
  <system-out><![CDATA[]]></system-out>
  <system-err><![CDATA[]]></system-err>
</testsuite>
