<?xml version="1.0" encoding="UTF-8"?>
<testsuite name="gh.marad.chi.core.generics.GenericsSpec" tests="12" skipped="0" failures="0" errors="0" timestamp="2023-11-16T06:14:54" hostname="POLPC11643" time="0.002">
  <properties/>
  <testcase name="should read generic element type for array" classname="gh.marad.chi.core.generics.GenericsSpec" time="0.0"/>
  <testcase name="should check that generic type provided matches the type of the argument" classname="gh.marad.chi.core.generics.GenericsSpec" time="0.0"/>
  <testcase name="generic function call should have correct amount of type parameters" classname="gh.marad.chi.core.generics.GenericsSpec" time="0.0"/>
  <testcase name="can define a generic function" classname="gh.marad.chi.core.generics.GenericsSpec" time="0.0"/>
  <testcase name="assignment should check generic type for composite type" classname="gh.marad.chi.core.generics.GenericsSpec" time="0.0"/>
  <testcase name="type matching works" classname="gh.marad.chi.core.generics.GenericsSpec" time="0.0"/>
  <testcase name="should check concrete return values" classname="gh.marad.chi.core.generics.GenericsSpec" time="0.0"/>
  <testcase name="check more complex use case" classname="gh.marad.chi.core.generics.GenericsSpec" time="0.0"/>
  <testcase name="generic type parameters are more important than parameter types" classname="gh.marad.chi.core.generics.GenericsSpec" time="0.0"/>
  <testcase name="concrete type parameters should be used in parameter type checking" classname="gh.marad.chi.core.generics.GenericsSpec" time="0.001"/>
  <testcase name="complex type checking example" classname="gh.marad.chi.core.generics.GenericsSpec" time="0.0"/>
  <testcase name="is type conversion smoke test" classname="gh.marad.chi.core.generics.GenericsSpec" time="0.0"/>
  <system-out><![CDATA[]]></system-out>
  <system-err><![CDATA[]]></system-err>
</testsuite>
