<?xml version="1.0" encoding="UTF-8"?>
<testsuite name="gh.marad.chi.core.analyzer.FnCallTypeCheckingSpec" tests="11" skipped="0" failures="0" errors="0" timestamp="2023-11-16T06:14:54" hostname="POLPC11643" time="0.002">
  <properties/>
  <testcase name="should check that parameter argument types match" classname="gh.marad.chi.core.analyzer.FnCallTypeCheckingSpec" time="0.0"/>
  <testcase name="should check function arity" classname="gh.marad.chi.core.analyzer.FnCallTypeCheckingSpec" time="0.001"/>
  <testcase name="should check that only functions are called" classname="gh.marad.chi.core.analyzer.FnCallTypeCheckingSpec" time="0.0"/>
  <testcase name="should check that proper overloaded function exists" classname="gh.marad.chi.core.analyzer.FnCallTypeCheckingSpec" time="0.0"/>
  <testcase name="should resolve generic return type for complex case" classname="gh.marad.chi.core.analyzer.FnCallTypeCheckingSpec" time="0.0"/>
  <testcase name="should check explicitly specified call type params" classname="gh.marad.chi.core.analyzer.FnCallTypeCheckingSpec" time="0.0"/>
  <testcase name="should check explicitly specified type parameter when it's only used as return value" classname="gh.marad.chi.core.analyzer.FnCallTypeCheckingSpec" time="0.0"/>
  <testcase name="constructing recurring generic data type should work" classname="gh.marad.chi.core.analyzer.FnCallTypeCheckingSpec" time="0.0"/>
  <testcase name="typechecking should work for generic parameter types in type constructors" classname="gh.marad.chi.core.analyzer.FnCallTypeCheckingSpec" time="0.0"/>
  <testcase name="should check types for chain function calls" classname="gh.marad.chi.core.analyzer.FnCallTypeCheckingSpec" time="0.0"/>
  <testcase name="should accept function returning non-unit value when unit-returning function is expected as an argument" classname="gh.marad.chi.core.analyzer.FnCallTypeCheckingSpec" time="0.0"/>
  <system-out><![CDATA[]]></system-out>
  <system-err><![CDATA[]]></system-err>
</testsuite>
