<?xml version="1.0" encoding="UTF-8"?>
<testsuite name="gh.marad.chi.core.expressionast.internal.EffectConversionsKtHandleTest" tests="3" skipped="0" failures="0" errors="0" timestamp="2023-11-16T06:14:54" hostname="POLPC11643" time="0.005">
  <properties/>
  <testcase name="case scope should have 'resume' function defined()" classname="gh.marad.chi.core.expressionast.internal.EffectConversionsKtHandleTest" time="0.002"/>
  <testcase name="should create virtual scope for every case()" classname="gh.marad.chi.core.expressionast.internal.EffectConversionsKtHandleTest" time="0.002"/>
  <testcase name="effect arguments should be defined within case scope()" classname="gh.marad.chi.core.expressionast.internal.EffectConversionsKtHandleTest" time="0.001"/>
  <system-out><![CDATA[]]></system-out>
  <system-err><![CDATA[]]></system-err>
</testsuite>
