<?xml version="1.0" encoding="UTF-8"?>
<testsuite name="gh.marad.chi.core.InfixOpsSpec" tests="5" skipped="0" failures="0" errors="0" timestamp="2023-11-16T06:14:53" hostname="POLPC11643" time="0.002">
  <properties/>
  <testcase name="should check that operation types match" classname="gh.marad.chi.core.InfixOpsSpec" time="0.0"/>
  <testcase name="should check that bit operator | require ints" classname="gh.marad.chi.core.InfixOpsSpec" time="0.0"/>
  <testcase name="should check that bit operator &amp; require ints" classname="gh.marad.chi.core.InfixOpsSpec" time="0.0"/>
  <testcase name="should check that bit operator &lt;&lt; require ints" classname="gh.marad.chi.core.InfixOpsSpec" time="0.0"/>
  <testcase name="should check that bit operator &gt;&gt; require ints" classname="gh.marad.chi.core.InfixOpsSpec" time="0.001"/>
  <system-out><![CDATA[]]></system-out>
  <system-err><![CDATA[]]></system-err>
</testsuite>
