<?xml version="1.0" encoding="UTF-8"?>
<testsuite name="gh.marad.chi.core.parser.readers.IfElseReaderTest" tests="2" skipped="0" failures="0" errors="0" timestamp="2023-11-16T06:14:54" hostname="POLPC11643" time="0.002">
  <properties/>
  <testcase name="else branch should be optional()" classname="gh.marad.chi.core.parser.readers.IfElseReaderTest" time="0.0"/>
  <testcase name="parsing if-else expression()" classname="gh.marad.chi.core.parser.readers.IfElseReaderTest" time="0.001"/>
  <system-out><![CDATA[]]></system-out>
  <system-err><![CDATA[]]></system-err>
</testsuite>
