<?xml version="1.0" encoding="UTF-8"?>
<testsuite name="gh.marad.chi.core.expressionast.internal.VariablesConversionsKtAssignmentTest" tests="3" skipped="0" failures="0" errors="0" timestamp="2023-11-16T06:14:54" hostname="POLPC11643" time="0.003">
  <properties/>
  <testcase name="generate indexed assignment()" classname="gh.marad.chi.core.expressionast.internal.VariablesConversionsKtAssignmentTest" time="0.001"/>
  <testcase name="generate assignment()" classname="gh.marad.chi.core.expressionast.internal.VariablesConversionsKtAssignmentTest" time="0.0"/>
  <testcase name="generate field assignment()" classname="gh.marad.chi.core.expressionast.internal.VariablesConversionsKtAssignmentTest" time="0.001"/>
  <system-out><![CDATA[]]></system-out>
  <system-err><![CDATA[]]></system-err>
</testsuite>
