<?xml version="1.0" encoding="UTF-8"?>
<testsuite name="gh.marad.chi.core.types.IndexOperatorSpec" tests="5" skipped="0" failures="0" errors="0" timestamp="2023-11-16T06:14:54" hostname="POLPC11643" time="0.001">
  <properties/>
  <testcase name="should not allow to index arrays with types other than integer" classname="gh.marad.chi.core.types.IndexOperatorSpec" time="0.0"/>
  <testcase name="should not allow indexing arrays in assignment with non-integer types" classname="gh.marad.chi.core.types.IndexOperatorSpec" time="0.0"/>
  <testcase name="should not allow indexing non-indexable types" classname="gh.marad.chi.core.types.IndexOperatorSpec" time="0.0"/>
  <testcase name="should not allow assign by index to non-indexable types" classname="gh.marad.chi.core.types.IndexOperatorSpec" time="0.0"/>
  <testcase name="assigned value should match the element type" classname="gh.marad.chi.core.types.IndexOperatorSpec" time="0.0"/>
  <system-out><![CDATA[]]></system-out>
  <system-err><![CDATA[]]></system-err>
</testsuite>
