<?xml version="1.0" encoding="UTF-8"?>
<testsuite name="gh.marad.chi.core.expressionast.internal.VariablesConversionsKtMethodInvocationSyntaxTest" tests="3" skipped="0" failures="0" errors="0" timestamp="2023-11-16T06:14:54" hostname="POLPC11643" time="0.005">
  <properties/>
  <testcase name="conversion of simple method invocation()" classname="gh.marad.chi.core.expressionast.internal.VariablesConversionsKtMethodInvocationSyntaxTest" time="0.001"/>
  <testcase name="conversion should find functions within the package the type was defined in()" classname="gh.marad.chi.core.expressionast.internal.VariablesConversionsKtMethodInvocationSyntaxTest" time="0.001"/>
  <testcase name="conversion of package function invocation()" classname="gh.marad.chi.core.expressionast.internal.VariablesConversionsKtMethodInvocationSyntaxTest" time="0.002"/>
  <system-out><![CDATA[]]></system-out>
  <system-err><![CDATA[]]></system-err>
</testsuite>
