<?xml version="1.0" encoding="UTF-8"?>
<testsuite name="gh.marad.chi.core.expressionast.internal.FunctionConversionsKtLambdaTest" tests="4" skipped="0" failures="0" errors="0" timestamp="2023-11-16T06:14:54" hostname="POLPC11643" time="0.005">
  <properties/>
  <testcase name="should transfer function parameters from lambda()" classname="gh.marad.chi.core.expressionast.internal.FunctionConversionsKtLambdaTest" time="0.001"/>
  <testcase name="should generate fn definition form lambda()" classname="gh.marad.chi.core.expressionast.internal.FunctionConversionsKtLambdaTest" time="0.0"/>
  <testcase name="lambda with empty body will return unit type()" classname="gh.marad.chi.core.expressionast.internal.FunctionConversionsKtLambdaTest" time="0.0"/>
  <testcase name="function scope should have arguments defined()" classname="gh.marad.chi.core.expressionast.internal.FunctionConversionsKtLambdaTest" time="0.001"/>
  <system-out><![CDATA[]]></system-out>
  <system-err><![CDATA[]]></system-err>
</testsuite>
