<?xml version="1.0" encoding="UTF-8"?>
<testsuite name="gh.marad.chi.core.parser.readers.FuncReaderTest" tests="9" skipped="0" failures="0" errors="0" timestamp="2023-11-16T06:14:54" hostname="POLPC11643" time="0.011">
  <properties/>
  <testcase name="read function body()" classname="gh.marad.chi.core.parser.readers.FuncReaderTest" time="0.001"/>
  <testcase name="should read empty anonymous function()" classname="gh.marad.chi.core.parser.readers.FuncReaderTest" time="0.0"/>
  <testcase name="should read internal function()" classname="gh.marad.chi.core.parser.readers.FuncReaderTest" time="0.0"/>
  <testcase name="should read anonymous function without parameters()" classname="gh.marad.chi.core.parser.readers.FuncReaderTest" time="0.001"/>
  <testcase name="parsing func expression()" classname="gh.marad.chi.core.parser.readers.FuncReaderTest" time="0.001"/>
  <testcase name="read function declaration with return type()" classname="gh.marad.chi.core.parser.readers.FuncReaderTest" time="0.001"/>
  <testcase name="read function type parameters()" classname="gh.marad.chi.core.parser.readers.FuncReaderTest" time="0.001"/>
  <testcase name="should read public function()" classname="gh.marad.chi.core.parser.readers.FuncReaderTest" time="0.001"/>
  <testcase name="read function arguments()" classname="gh.marad.chi.core.parser.readers.FuncReaderTest" time="0.001"/>
  <system-out><![CDATA[]]></system-out>
  <system-err><![CDATA[]]></system-err>
</testsuite>
