<?xml version="1.0" encoding="UTF-8"?>
<testsuite name="gh.marad.chi.core.parser.readers.VariableReaderTest" tests="4" skipped="0" failures="0" errors="0" timestamp="2023-11-16T06:14:54" hostname="POLPC11643" time="0.003">
  <properties/>
  <testcase name="parsing indexed assignment()" classname="gh.marad.chi.core.parser.readers.VariableReaderTest" time="0.001"/>
  <testcase name="reading variable with index()" classname="gh.marad.chi.core.parser.readers.VariableReaderTest" time="0.0"/>
  <testcase name="parsing simple assignment()" classname="gh.marad.chi.core.parser.readers.VariableReaderTest" time="0.0"/>
  <testcase name="reading variable()" classname="gh.marad.chi.core.parser.readers.VariableReaderTest" time="0.001"/>
  <system-out><![CDATA[]]></system-out>
  <system-err><![CDATA[]]></system-err>
</testsuite>
