<?xml version="1.0" encoding="UTF-8"?>
<testsuite name="gh.marad.chi.core.namespace.CompilationScopeTest" tests="2" skipped="0" failures="0" errors="0" timestamp="2023-11-16T06:14:54" hostname="POLPC11643" time="0.004">
  <properties/>
  <testcase name="test symbol type determining()" classname="gh.marad.chi.core.namespace.CompilationScopeTest" time="0.002"/>
  <testcase name="functions with the same parameter types and different return types will not create overloaded fn()" classname="gh.marad.chi.core.namespace.CompilationScopeTest" time="0.001"/>
  <system-out><![CDATA[]]></system-out>
  <system-err><![CDATA[]]></system-err>
</testsuite>
